<?xml version="1.0" encoding="UTF-8"?>
<!-- Generated by org.testng.reporters.JUnitReportReporter -->
<testsuite skipped="0" hostname="CHETHAN-TYC1121700" name="practice_programs.P9" tests="1" failures="0" timestamp="2022-01-22T11:54:56 IST" time="13.876" errors="0">
  <testcase name="myntra" time="13.876" classname="practice_programs.P9"/>
  <system-out/>
</testsuite> <!-- practice_programs.P9 -->
